[info     ] Logging initialized            [news.scripts.finance_news_workflow] console_level=INFO file_level=DEBUG log_file=logs/news-workflow-2026-02-27.log module=scripts.finance_news_workflow
[info     ] Finance news workflow script started [news.scripts.finance_news_workflow] config=/private/var/folders/zk/q607hs0d7bq__dhkk2wj7sq80000gn/T/pytest-of-yukihata/pytest-2/test_正常系_ワークフローが正常に完了すると終了コード00/test_config.yaml dry_run=False export_only=False format=per-category max_articles=None module=scripts.finance_news_workflow status=None verbose=False
[info     ] Starting finance news workflow [news.scripts.finance_news_workflow] config_path=/private/var/folders/zk/q607hs0d7bq__dhkk2wj7sq80000gn/T/pytest-of-yukihata/pytest-2/test_正常系_ワークフローが正常に完了すると終了コード00/test_config.yaml dry_run=False export_only=False max_articles=None module=scripts.finance_news_workflow publish_format=per-category statuses=None
[debug    ] Workflow completed successfully [news.scripts.finance_news_workflow] elapsed_seconds=300.0 module=scripts.finance_news_workflow total_collected=10 total_published=5
2026-02-26T23:39:02.701841+00:00 [DEBUG    ] Loading .env file              [utils_core.settings] caller={'filename': 'settings.py', 'function': 'load_project_env', 'line': 142}
2026-02-26T23:39:02.712182+00:00 [INFO     ] Loaded .env file               [utils_core.settings] caller={'filename': 'settings.py', 'function': 'load_project_env', 'line': 144}
[info     ] Logging initialized            [news.scripts.finance_news_workflow] console_level=INFO file_level=DEBUG log_file=logs/news-workflow-2026-02-27.log module=scripts.finance_news_workflow
[info     ] Finance news workflow script started [news.scripts.finance_news_workflow] config=/private/var/folders/zk/q607hs0d7bq__dhkk2wj7sq80000gn/T/pytest-of-yukihata/pytest-2/test_正常系_dry_runモードでワークフローを実行で0/test_config.yaml dry_run=True export_only=False format=per-category max_articles=None module=scripts.finance_news_workflow status=None verbose=False
[info     ] Starting finance news workflow [news.scripts.finance_news_workflow] config_path=/private/var/folders/zk/q607hs0d7bq__dhkk2wj7sq80000gn/T/pytest-of-yukihata/pytest-2/test_正常系_dry_runモードでワークフローを実行で0/test_config.yaml dry_run=True export_only=False max_articles=None module=scripts.finance_news_workflow publish_format=per-category statuses=None
[debug    ] Workflow completed successfully [news.scripts.finance_news_workflow] elapsed_seconds=300.0 module=scripts.finance_news_workflow total_collected=10 total_published=5
2026-02-26T23:39:02.718371+00:00 [DEBUG    ] Loading .env file              [utils_core.settings] caller={'filename': 'settings.py', 'function': 'load_project_env', 'line': 142}
2026-02-26T23:39:02.719408+00:00 [INFO     ] Loaded .env file               [utils_core.settings] caller={'filename': 'settings.py', 'function': 'load_project_env', 'line': 144}
[info     ] Logging initialized            [news.scripts.finance_news_workflow] console_level=INFO file_level=DEBUG log_file=logs/news-workflow-2026-02-27.log module=scripts.finance_news_workflow
[info     ] Finance news workflow script started [news.scripts.finance_news_workflow] config=/private/var/folders/zk/q607hs0d7bq__dhkk2wj7sq80000gn/T/pytest-of-yukihata/pytest-2/test_正常系_status引数が渡される0/test_config.yaml dry_run=False export_only=False format=per-category max_articles=None module=scripts.finance_news_workflow status=index,stock verbose=False
[info     ] Starting finance news workflow [news.scripts.finance_news_workflow] config_path=/private/var/folders/zk/q607hs0d7bq__dhkk2wj7sq80000gn/T/pytest-of-yukihata/pytest-2/test_正常系_status引数が渡される0/test_config.yaml dry_run=False export_only=False max_articles=None module=scripts.finance_news_workflow publish_format=per-category statuses=['index', 'stock']
[debug    ] Workflow completed successfully [news.scripts.finance_news_workflow] elapsed_seconds=300.0 module=scripts.finance_news_workflow total_collected=10 total_published=5
2026-02-26T23:39:02.725790+00:00 [DEBUG    ] Loading .env file              [utils_core.settings] caller={'filename': 'settings.py', 'function': 'load_project_env', 'line': 142}
2026-02-26T23:39:02.726855+00:00 [INFO     ] Loaded .env file               [utils_core.settings] caller={'filename': 'settings.py', 'function': 'load_project_env', 'line': 144}
[info     ] Logging initialized            [news.scripts.finance_news_workflow] console_level=INFO file_level=DEBUG log_file=logs/news-workflow-2026-02-27.log module=scripts.finance_news_workflow
[info     ] Finance news workflow script started [news.scripts.finance_news_workflow] config=/private/var/folders/zk/q607hs0d7bq__dhkk2wj7sq80000gn/T/pytest-of-yukihata/pytest-2/test_正常系_max_articles引数が渡される0/test_config.yaml dry_run=False export_only=False format=per-category max_articles=10 module=scripts.finance_news_workflow status=None verbose=False
[info     ] Starting finance news workflow [news.scripts.finance_news_workflow] config_path=/private/var/folders/zk/q607hs0d7bq__dhkk2wj7sq80000gn/T/pytest-of-yukihata/pytest-2/test_正常系_max_articles引数が渡される0/test_config.yaml dry_run=False export_only=False max_articles=10 module=scripts.finance_news_workflow publish_format=per-category statuses=None
[debug    ] Workflow completed successfully [news.scripts.finance_news_workflow] elapsed_seconds=300.0 module=scripts.finance_news_workflow total_collected=10 total_published=5
2026-02-26T23:39:02.730925+00:00 [DEBUG    ] Loading .env file              [utils_core.settings] caller={'filename': 'settings.py', 'function': 'load_project_env', 'line': 142}
2026-02-26T23:39:02.733253+00:00 [INFO     ] Loaded .env file               [utils_core.settings] caller={'filename': 'settings.py', 'function': 'load_project_env', 'line': 144}
[info     ] Logging initialized            [news.scripts.finance_news_workflow] console_level=INFO file_level=DEBUG log_file=logs/news-workflow-2026-02-27.log module=scripts.finance_news_workflow
[info     ] Finance news workflow script started [news.scripts.finance_news_workflow] config=/nonexistent/config.yaml dry_run=False export_only=False format=per-category max_articles=None module=scripts.finance_news_workflow status=None verbose=False
[info     ] Starting finance news workflow [news.scripts.finance_news_workflow] config_path=/nonexistent/config.yaml dry_run=False export_only=False max_articles=None module=scripts.finance_news_workflow publish_format=per-category statuses=None
[error    ] Configuration file not found   [news.config.models] file_path=/nonexistent/config.yaml module=config.models
[error    ] Configuration file not found   [news.scripts.finance_news_workflow] error='Configuration file not found: /nonexistent/config.yaml' module=scripts.finance_news_workflow
2026-02-26T23:39:02.738113+00:00 [DEBUG    ] Loading .env file              [utils_core.settings] caller={'filename': 'settings.py', 'function': 'load_project_env', 'line': 142}
2026-02-26T23:39:02.739219+00:00 [INFO     ] Loaded .env file               [utils_core.settings] caller={'filename': 'settings.py', 'function': 'load_project_env', 'line': 144}
[info     ] Logging initialized            [news.scripts.finance_news_workflow] console_level=INFO file_level=DEBUG log_file=logs/news-workflow-2026-02-27.log module=scripts.finance_news_workflow
[info     ] Finance news workflow script started [news.scripts.finance_news_workflow] config=/private/var/folders/zk/q607hs0d7bq__dhkk2wj7sq80000gn/T/pytest-of-yukihata/pytest-2/test_異常系_ワークフロー例外発生時に終了コード10/test_config.yaml dry_run=False export_only=False format=per-category max_articles=None module=scripts.finance_news_workflow status=None verbose=False
[info     ] Starting finance news workflow [news.scripts.finance_news_workflow] config_path=/private/var/folders/zk/q607hs0d7bq__dhkk2wj7sq80000gn/T/pytest-of-yukihata/pytest-2/test_異常系_ワークフロー例外発生時に終了コード10/test_config.yaml dry_run=False export_only=False max_articles=None module=scripts.finance_news_workflow publish_format=per-category statuses=None
[error    ] Workflow failed with exception [news.scripts.finance_news_workflow] error='Test error' error_type=RuntimeError module=scripts.finance_news_workflow
Traceback (most recent call last):
  File "/Users/yukihata/Desktop/finance/src/news/scripts/finance_news_workflow.py", line 355, in run_workflow
    result = await orchestrator.run(
             ^^^^^^^^^^^^^^^^^^^^^^^
  File "/Users/yukihata/.local/share/uv/python/cpython-3.12.12-macos-aarch64-none/lib/python3.12/unittest/mock.py", line 2291, in _execute_mock_call
    raise effect
RuntimeError: Test error
[info     ] Finance news workflow script started [news.scripts.finance_news_workflow] config=/private/var/folders/zk/q607hs0d7bq__dhkk2wj7sq80000gn/T/pytest-of-yukihata/pytest-2/test_正常系_verboseモードでログレベルがDEBU0/test_config.yaml dry_run=False export_only=False format=per-category max_articles=None module=scripts.finance_news_workflow status=None verbose=True
[info     ] Starting finance news workflow [news.scripts.finance_news_workflow] config_path=/private/var/folders/zk/q607hs0d7bq__dhkk2wj7sq80000gn/T/pytest-of-yukihata/pytest-2/test_正常系_verboseモードでログレベルがDEBU0/test_config.yaml dry_run=False export_only=False max_articles=None module=scripts.finance_news_workflow publish_format=per-category statuses=None
[debug    ] Workflow completed successfully [news.scripts.finance_news_workflow] elapsed_seconds=300.0 module=scripts.finance_news_workflow total_collected=10 total_published=5
2026-02-26T23:39:02.747491+00:00 [DEBUG    ] Loading .env file              [utils_core.settings] caller={'filename': 'settings.py', 'function': 'load_project_env', 'line': 142}
2026-02-26T23:39:02.748593+00:00 [INFO     ] Loaded .env file               [utils_core.settings] caller={'filename': 'settings.py', 'function': 'load_project_env', 'line': 144}
[info     ] Logging initialized            [news.scripts.finance_news_workflow] console_level=INFO file_level=DEBUG log_file=logs/news-workflow-2026-02-27.log module=scripts.finance_news_workflow
[info     ] Finance news workflow script started [news.scripts.finance_news_workflow] config=/private/var/folders/zk/q607hs0d7bq__dhkk2wj7sq80000gn/T/pytest-of-yukihata/pytest-3/test_正常系_ワークフローが正常に完了すると終了コード00/test_config.yaml dry_run=False export_only=False format=per-category max_articles=None module=scripts.finance_news_workflow status=None verbose=False
[info     ] Starting finance news workflow [news.scripts.finance_news_workflow] config_path=/private/var/folders/zk/q607hs0d7bq__dhkk2wj7sq80000gn/T/pytest-of-yukihata/pytest-3/test_正常系_ワークフローが正常に完了すると終了コード00/test_config.yaml dry_run=False export_only=False max_articles=None module=scripts.finance_news_workflow publish_format=per-category statuses=None
[debug    ] Workflow completed successfully [news.scripts.finance_news_workflow] elapsed_seconds=300.0 module=scripts.finance_news_workflow total_collected=10 total_published=5
2026-02-26T23:50:56.142205+00:00 [DEBUG    ] Loading .env file              [utils_core.settings] caller={'filename': 'settings.py', 'function': 'load_project_env', 'line': 142}
2026-02-26T23:50:56.149357+00:00 [INFO     ] Loaded .env file               [utils_core.settings] caller={'filename': 'settings.py', 'function': 'load_project_env', 'line': 144}
[info     ] Logging initialized            [news.scripts.finance_news_workflow] console_level=INFO file_level=DEBUG log_file=logs/news-workflow-2026-02-27.log module=scripts.finance_news_workflow
[info     ] Finance news workflow script started [news.scripts.finance_news_workflow] config=/private/var/folders/zk/q607hs0d7bq__dhkk2wj7sq80000gn/T/pytest-of-yukihata/pytest-3/test_正常系_dry_runモードでワークフローを実行で0/test_config.yaml dry_run=True export_only=False format=per-category max_articles=None module=scripts.finance_news_workflow status=None verbose=False
[info     ] Starting finance news workflow [news.scripts.finance_news_workflow] config_path=/private/var/folders/zk/q607hs0d7bq__dhkk2wj7sq80000gn/T/pytest-of-yukihata/pytest-3/test_正常系_dry_runモードでワークフローを実行で0/test_config.yaml dry_run=True export_only=False max_articles=None module=scripts.finance_news_workflow publish_format=per-category statuses=None
[debug    ] Workflow completed successfully [news.scripts.finance_news_workflow] elapsed_seconds=300.0 module=scripts.finance_news_workflow total_collected=10 total_published=5
2026-02-26T23:50:56.153515+00:00 [DEBUG    ] Loading .env file              [utils_core.settings] caller={'filename': 'settings.py', 'function': 'load_project_env', 'line': 142}
2026-02-26T23:50:56.154462+00:00 [INFO     ] Loaded .env file               [utils_core.settings] caller={'filename': 'settings.py', 'function': 'load_project_env', 'line': 144}
[info     ] Logging initialized            [news.scripts.finance_news_workflow] console_level=INFO file_level=DEBUG log_file=logs/news-workflow-2026-02-27.log module=scripts.finance_news_workflow
[info     ] Finance news workflow script started [news.scripts.finance_news_workflow] config=/private/var/folders/zk/q607hs0d7bq__dhkk2wj7sq80000gn/T/pytest-of-yukihata/pytest-3/test_正常系_status引数が渡される0/test_config.yaml dry_run=False export_only=False format=per-category max_articles=None module=scripts.finance_news_workflow status=index,stock verbose=False
[info     ] Starting finance news workflow [news.scripts.finance_news_workflow] config_path=/private/var/folders/zk/q607hs0d7bq__dhkk2wj7sq80000gn/T/pytest-of-yukihata/pytest-3/test_正常系_status引数が渡される0/test_config.yaml dry_run=False export_only=False max_articles=None module=scripts.finance_news_workflow publish_format=per-category statuses=['index', 'stock']
[debug    ] Workflow completed successfully [news.scripts.finance_news_workflow] elapsed_seconds=300.0 module=scripts.finance_news_workflow total_collected=10 total_published=5
2026-02-26T23:50:56.158098+00:00 [DEBUG    ] Loading .env file              [utils_core.settings] caller={'filename': 'settings.py', 'function': 'load_project_env', 'line': 142}
2026-02-26T23:50:56.159678+00:00 [INFO     ] Loaded .env file               [utils_core.settings] caller={'filename': 'settings.py', 'function': 'load_project_env', 'line': 144}
[info     ] Logging initialized            [news.scripts.finance_news_workflow] console_level=INFO file_level=DEBUG log_file=logs/news-workflow-2026-02-27.log module=scripts.finance_news_workflow
[info     ] Finance news workflow script started [news.scripts.finance_news_workflow] config=/private/var/folders/zk/q607hs0d7bq__dhkk2wj7sq80000gn/T/pytest-of-yukihata/pytest-3/test_正常系_max_articles引数が渡される0/test_config.yaml dry_run=False export_only=False format=per-category max_articles=10 module=scripts.finance_news_workflow status=None verbose=False
[info     ] Starting finance news workflow [news.scripts.finance_news_workflow] config_path=/private/var/folders/zk/q607hs0d7bq__dhkk2wj7sq80000gn/T/pytest-of-yukihata/pytest-3/test_正常系_max_articles引数が渡される0/test_config.yaml dry_run=False export_only=False max_articles=10 module=scripts.finance_news_workflow publish_format=per-category statuses=None
[debug    ] Workflow completed successfully [news.scripts.finance_news_workflow] elapsed_seconds=300.0 module=scripts.finance_news_workflow total_collected=10 total_published=5
2026-02-26T23:50:56.161519+00:00 [DEBUG    ] Loading .env file              [utils_core.settings] caller={'filename': 'settings.py', 'function': 'load_project_env', 'line': 142}
2026-02-26T23:50:56.162419+00:00 [INFO     ] Loaded .env file               [utils_core.settings] caller={'filename': 'settings.py', 'function': 'load_project_env', 'line': 144}
[info     ] Logging initialized            [news.scripts.finance_news_workflow] console_level=INFO file_level=DEBUG log_file=logs/news-workflow-2026-02-27.log module=scripts.finance_news_workflow
[info     ] Finance news workflow script started [news.scripts.finance_news_workflow] config=/nonexistent/config.yaml dry_run=False export_only=False format=per-category max_articles=None module=scripts.finance_news_workflow status=None verbose=False
[info     ] Starting finance news workflow [news.scripts.finance_news_workflow] config_path=/nonexistent/config.yaml dry_run=False export_only=False max_articles=None module=scripts.finance_news_workflow publish_format=per-category statuses=None
[error    ] Configuration file not found   [news.config.models] file_path=/nonexistent/config.yaml module=config.models
[error    ] Configuration file not found   [news.scripts.finance_news_workflow] error='Configuration file not found: /nonexistent/config.yaml' module=scripts.finance_news_workflow
2026-02-26T23:50:56.166104+00:00 [DEBUG    ] Loading .env file              [utils_core.settings] caller={'filename': 'settings.py', 'function': 'load_project_env', 'line': 142}
2026-02-26T23:50:56.167107+00:00 [INFO     ] Loaded .env file               [utils_core.settings] caller={'filename': 'settings.py', 'function': 'load_project_env', 'line': 144}
[info     ] Logging initialized            [news.scripts.finance_news_workflow] console_level=INFO file_level=DEBUG log_file=logs/news-workflow-2026-02-27.log module=scripts.finance_news_workflow
[info     ] Finance news workflow script started [news.scripts.finance_news_workflow] config=/private/var/folders/zk/q607hs0d7bq__dhkk2wj7sq80000gn/T/pytest-of-yukihata/pytest-3/test_異常系_ワークフロー例外発生時に終了コード10/test_config.yaml dry_run=False export_only=False format=per-category max_articles=None module=scripts.finance_news_workflow status=None verbose=False
[info     ] Starting finance news workflow [news.scripts.finance_news_workflow] config_path=/private/var/folders/zk/q607hs0d7bq__dhkk2wj7sq80000gn/T/pytest-of-yukihata/pytest-3/test_異常系_ワークフロー例外発生時に終了コード10/test_config.yaml dry_run=False export_only=False max_articles=None module=scripts.finance_news_workflow publish_format=per-category statuses=None
[error    ] Workflow failed with exception [news.scripts.finance_news_workflow] error='Test error' error_type=RuntimeError module=scripts.finance_news_workflow
Traceback (most recent call last):
  File "/Users/yukihata/Desktop/finance/src/news/scripts/finance_news_workflow.py", line 355, in run_workflow
    result = await orchestrator.run(
             ^^^^^^^^^^^^^^^^^^^^^^^
  File "/Users/yukihata/.local/share/uv/python/cpython-3.12.12-macos-aarch64-none/lib/python3.12/unittest/mock.py", line 2291, in _execute_mock_call
    raise effect
RuntimeError: Test error
[info     ] Finance news workflow script started [news.scripts.finance_news_workflow] config=/private/var/folders/zk/q607hs0d7bq__dhkk2wj7sq80000gn/T/pytest-of-yukihata/pytest-3/test_正常系_verboseモードでログレベルがDEBU0/test_config.yaml dry_run=False export_only=False format=per-category max_articles=None module=scripts.finance_news_workflow status=None verbose=True
[info     ] Starting finance news workflow [news.scripts.finance_news_workflow] config_path=/private/var/folders/zk/q607hs0d7bq__dhkk2wj7sq80000gn/T/pytest-of-yukihata/pytest-3/test_正常系_verboseモードでログレベルがDEBU0/test_config.yaml dry_run=False export_only=False max_articles=None module=scripts.finance_news_workflow publish_format=per-category statuses=None
[debug    ] Workflow completed successfully [news.scripts.finance_news_workflow] elapsed_seconds=300.0 module=scripts.finance_news_workflow total_collected=10 total_published=5
2026-02-26T23:50:56.174178+00:00 [DEBUG    ] Loading .env file              [utils_core.settings] caller={'filename': 'settings.py', 'function': 'load_project_env', 'line': 142}
2026-02-26T23:50:56.175154+00:00 [INFO     ] Loaded .env file               [utils_core.settings] caller={'filename': 'settings.py', 'function': 'load_project_env', 'line': 144}
